mode: set
github.com/ditramadia/lockleaf/internal/vault/model.go:19.35,24.2 1 1
github.com/ditramadia/lockleaf/internal/vault/model.go:26.45,31.2 1 0
github.com/ditramadia/lockleaf/internal/vault/model.go:33.58,39.2 1 0
github.com/ditramadia/lockleaf/internal/vault/storage.go:17.42,19.2 1 1
github.com/ditramadia/lockleaf/internal/vault/storage.go:22.52,24.2 1 1
github.com/ditramadia/lockleaf/internal/vault/storage.go:27.65,32.16 3 1
github.com/ditramadia/lockleaf/internal/vault/storage.go:32.16,33.25 1 1
github.com/ditramadia/lockleaf/internal/vault/storage.go:33.25,35.4 1 1
github.com/ditramadia/lockleaf/internal/vault/storage.go:36.3,36.20 1 0
github.com/ditramadia/lockleaf/internal/vault/storage.go:38.2,40.18 2 1
github.com/ditramadia/lockleaf/internal/vault/storage.go:44.40,49.16 3 1
github.com/ditramadia/lockleaf/internal/vault/storage.go:49.16,51.3 1 0
github.com/ditramadia/lockleaf/internal/vault/storage.go:54.2,56.16 3 1
github.com/ditramadia/lockleaf/internal/vault/storage.go:56.16,58.3 1 0
github.com/ditramadia/lockleaf/internal/vault/storage.go:59.2,62.47 2 1
github.com/ditramadia/lockleaf/internal/vault/storage.go:62.47,64.3 1 0
github.com/ditramadia/lockleaf/internal/vault/storage.go:67.2,67.39 1 1
github.com/ditramadia/lockleaf/internal/vault/storage.go:67.39,69.3 1 0
github.com/ditramadia/lockleaf/internal/vault/storage.go:72.2,72.40 1 1
github.com/ditramadia/lockleaf/internal/vault/storage.go:72.40,74.3 1 0
github.com/ditramadia/lockleaf/internal/vault/storage.go:77.2,77.49 1 1
github.com/ditramadia/lockleaf/internal/vault/storage.go:77.49,79.3 1 0
github.com/ditramadia/lockleaf/internal/vault/storage.go:81.2,81.12 1 1
github.com/ditramadia/lockleaf/internal/vault/storage.go:85.58,90.16 3 1
github.com/ditramadia/lockleaf/internal/vault/storage.go:90.16,91.25 1 1
github.com/ditramadia/lockleaf/internal/vault/storage.go:91.25,93.4 1 1
github.com/ditramadia/lockleaf/internal/vault/storage.go:94.3,94.18 1 0
github.com/ditramadia/lockleaf/internal/vault/storage.go:96.2,100.16 3 1
github.com/ditramadia/lockleaf/internal/vault/storage.go:100.16,102.3 1 0
github.com/ditramadia/lockleaf/internal/vault/storage.go:105.2,106.49 2 1
github.com/ditramadia/lockleaf/internal/vault/storage.go:106.49,108.3 1 0
github.com/ditramadia/lockleaf/internal/vault/storage.go:110.2,110.16 1 1
github.com/ditramadia/lockleaf/internal/vault/storage.go:114.44,116.16 2 1
github.com/ditramadia/lockleaf/internal/vault/storage.go:116.16,118.3 1 0
github.com/ditramadia/lockleaf/internal/vault/storage.go:120.2,121.32 2 1
github.com/ditramadia/lockleaf/internal/vault/storage.go:121.32,123.62 1 1
github.com/ditramadia/lockleaf/internal/vault/storage.go:123.62,127.4 2 1
github.com/ditramadia/lockleaf/internal/vault/storage.go:129.2,129.20 1 1
github.com/ditramadia/lockleaf/internal/vault/storage.go:133.57,139.16 4 1
github.com/ditramadia/lockleaf/internal/vault/storage.go:139.16,141.3 1 0
github.com/ditramadia/lockleaf/internal/vault/storage.go:142.2,142.12 1 1
github.com/ditramadia/lockleaf/internal/vault/storage.go:142.12,144.3 1 1
github.com/ditramadia/lockleaf/internal/vault/storage.go:147.2,147.52 1 1
github.com/ditramadia/lockleaf/internal/vault/storage.go:147.52,149.3 1 1
github.com/ditramadia/lockleaf/internal/vault/storage.go:152.2,153.16 2 1
github.com/ditramadia/lockleaf/internal/vault/storage.go:153.16,155.3 1 0
github.com/ditramadia/lockleaf/internal/vault/storage.go:156.2,157.34 2 1
github.com/ditramadia/lockleaf/internal/vault/storage.go:157.34,159.3 1 0
github.com/ditramadia/lockleaf/internal/vault/storage.go:161.2,161.12 1 1
